<?xml version="1.0" encoding="UTF-8"?>
<!-- Generated by org.testng.reporters.JUnitReportReporter -->
<testsuite hostname="LAPTOP-HSKR9U4O" failures="0" tests="12" name="testNGannotationFlag.Flag6groups" time="0.033" errors="0" timestamp="2023-12-04T12:38:24 IST" skipped="0">
  <testcase classname="testNGannotationFlag.Flag6groups" name="FT3" time="0.002">
    <system-out>
      <![CDATA[Functional Test Case1]]>
    </system-out>
  </testcase> <!-- FT3 -->
  <testcase classname="testNGannotationFlag.Flag6groups" name="FT6" time="0.001">
    <system-out>
      <![CDATA[Functional Test Case1]]>
    </system-out>
  </testcase> <!-- FT6 -->
  <testcase classname="testNGannotationFlag.Flag6groups" name="IT3" time="0.001">
    <system-out>
      <![CDATA[Integration Test Case1]]>
    </system-out>
  </testcase> <!-- IT3 -->
  <testcase classname="testNGannotationFlag.Flag6groups" name="IT6" time="0.001">
    <system-out>
      <![CDATA[Integration Test Case1]]>
    </system-out>
  </testcase> <!-- IT6 -->
  <testcase classname="testNGannotationFlag.Flag6groups" name="IT4" time="0.002">
    <system-out>
      <![CDATA[Integration Test Case1]]>
    </system-out>
  </testcase> <!-- IT4 -->
  <testcase classname="testNGannotationFlag.Flag6groups" name="IT2" time="0.001">
    <system-out>
      <![CDATA[Integration Test Case1]]>
    </system-out>
  </testcase> <!-- IT2 -->
  <testcase classname="testNGannotationFlag.Flag6groups" name="IT1" time="0.003">
    <system-out>
      <![CDATA[Integration Test Case1]]>
    </system-out>
  </testcase> <!-- IT1 -->
  <testcase classname="testNGannotationFlag.Flag6groups" name="FT5" time="0.002">
    <system-out>
      <![CDATA[Functional Test Case1]]>
    </system-out>
  </testcase> <!-- FT5 -->
  <testcase classname="testNGannotationFlag.Flag6groups" name="FT4" time="0.003">
    <system-out>
      <![CDATA[Functional Test Case1]]>
    </system-out>
  </testcase> <!-- FT4 -->
  <testcase classname="testNGannotationFlag.Flag6groups" name="FT2" time="0.001">
    <system-out>
      <![CDATA[Functional Test Case1]]>
    </system-out>
  </testcase> <!-- FT2 -->
  <testcase classname="testNGannotationFlag.Flag6groups" name="IT5" time="0.002">
    <system-out>
      <![CDATA[Integration Test Case1]]>
    </system-out>
  </testcase> <!-- IT5 -->
  <testcase classname="testNGannotationFlag.Flag6groups" name="FT1" time="0.014">
    <system-out>
      <![CDATA[Functional Test Case1]]>
    </system-out>
  </testcase> <!-- FT1 -->
  <system-out>
    <![CDATA[Functional Test Case1
Functional Test Case1
Functional Test Case1
Functional Test Case1
Functional Test Case1
Functional Test Case1
Integration Test Case1
Integration Test Case1
Integration Test Case1
Integration Test Case1
Integration Test Case1
Integration Test Case1]]>
  </system-out>
</testsuite> <!-- testNGannotationFlag.Flag6groups -->
