<?xml version="1.0" encoding="UTF-8"?>
<!-- Generated by org.testng.reporters.JUnitReportReporter -->
<testsuite hostname="LAPTOP-HSKR9U4O" failures="0" tests="1" name="textNGPackege.remo" time="0.000" errors="0" timestamp="2023-11-28T12:20:57 IST" skipped="0">
  <testcase classname="textNGPackege.remo" name="f" time="0.000"/>
  <system-out>
    <![CDATA[Method1 from demo class
Method2 from demo class
Method1 from demo class
Method2 from demo class]]>
  </system-out>
</testsuite> <!-- textNGPackege.remo -->
