<?xml version="1.0" encoding="UTF-8"?>
<!-- Generated by org.testng.reporters.JUnitReportReporter -->
<testsuite hostname="LAPTOP-HSKR9U4O" failures="0" tests="3" name="testNGannotationFlag.Flag5DependsOnMethod" time="0.015" errors="0" timestamp="2023-12-04T11:37:20 IST" skipped="0">
  <testcase classname="testNGannotationFlag.Flag5DependsOnMethod" name="Logout" time="0.002">
    <system-out>
      <![CDATA[Logout]]>
    </system-out>
  </testcase> <!-- Logout -->
  <testcase classname="testNGannotationFlag.Flag5DependsOnMethod" name="CreateUser" time="0.002">
    <system-out>
      <![CDATA[User is created]]>
    </system-out>
  </testcase> <!-- CreateUser -->
  <testcase classname="testNGannotationFlag.Flag5DependsOnMethod" name="Login" time="0.011">
    <system-out>
      <![CDATA[Login]]>
    </system-out>
  </testcase> <!-- Login -->
  <system-out>
    <![CDATA[Login
User is created
Logout]]>
  </system-out>
</testsuite> <!-- testNGannotationFlag.Flag5DependsOnMethod -->
