<?xml version="1.0" encoding="UTF-8"?>
<!-- Generated by org.testng.reporters.JUnitReportReporter -->
<testsuite hostname="LAPTOP-HSKR9U4O" failures="0" tests="2" name="testNGannotationFlag.Flag3InvocationCount" time="0.017" errors="0" timestamp="2023-12-04T11:18:47 IST" skipped="0">
  <testcase classname="testNGannotationFlag.Flag3InvocationCount" name="Method1" time="0.015">
    <system-out>
      <![CDATA[Login is done]]>
    </system-out>
  </testcase> <!-- Method1 -->
  <testcase classname="testNGannotationFlag.Flag3InvocationCount" name="Method1" time="0.002">
    <system-out>
      <![CDATA[Login is done]]>
    </system-out>
  </testcase> <!-- Method1 -->
  <system-out>
    <![CDATA[Login is done
Login is done]]>
  </system-out>
</testsuite> <!-- testNGannotationFlag.Flag3InvocationCount -->
