<?xml version="1.0" encoding="UTF-8"?>
<!-- Generated by org.testng.reporters.JUnitReportReporter -->
<testsuite hostname="LAPTOP-HSKR9U4O" failures="0" tests="1" name="testNGExecutionPackage.JavaText" time="21.856" errors="0" timestamp="2023-11-30T11:55:48 IST" skipped="0">
  <testcase classname="testNGExecutionPackage.JavaText" name="java_method" time="21.856"/>
</testsuite> <!-- testNGExecutionPackage.JavaText -->
