<?xml version="1.0" encoding="UTF-8"?>
<!-- Generated by org.testng.reporters.JUnitReportReporter -->
<testsuite hostname="LAPTOP-HSKR9U4O" failures="0" tests="1" name="testNGExecutionPackage.SelectTest" time="13.113" errors="0" timestamp="2023-11-30T12:22:51 IST" skipped="0">
  <testcase classname="testNGExecutionPackage.SelectTest" name="selectTestMethod" time="13.113"/>
</testsuite> <!-- testNGExecutionPackage.SelectTest -->
