<?xml version="1.0" encoding="UTF-8"?>
<!-- Generated by org.testng.reporters.JUnitReportReporter -->
<testsuite hostname="LAPTOP-HSKR9U4O" failures="0" tests="1" name="testNGExecutionPackage.SqlTest" time="27.161" errors="0" timestamp="2023-11-30T11:55:48 IST" skipped="0">
  <testcase classname="testNGExecutionPackage.SqlTest" name="sql_method" time="27.161"/>
</testsuite> <!-- testNGExecutionPackage.SqlTest -->
