<?xml version="1.0" encoding="UTF-8"?>
<!-- Generated by org.testng.reporters.JUnitReportReporter -->
<testsuite hostname="LAPTOP-HSKR9U4O" failures="0" tests="2" name="textNGPackege.Demo" time="0.002" errors="0" timestamp="2023-11-28T12:20:57 IST" skipped="0">
  <testcase classname="textNGPackege.Demo" name="Method1" time="0.001">
    <system-out>
      <![CDATA[Method1 from demo class]]>
    </system-out>
  </testcase> <!-- Method1 -->
  <testcase classname="textNGPackege.Demo" name="Method2" time="0.001">
    <system-out>
      <![CDATA[Method2 from demo class]]>
    </system-out>
  </testcase> <!-- Method2 -->
  <system-out>
    <![CDATA[Method1 from demo class
Method2 from demo class
Method1 from demo class
Method2 from demo class]]>
  </system-out>
</testsuite> <!-- textNGPackege.Demo -->
