<?xml version="1.0" encoding="UTF-8"?>
<!-- Generated by org.testng.reporters.JUnitReportReporter -->
<testsuite hostname="LAPTOP-HSKR9U4O" failures="0" tests="1" name="testNGExecutionPackage.SeleniumTest" time="37.924" errors="0" timestamp="2023-11-30T11:55:48 IST" skipped="0">
  <testcase classname="testNGExecutionPackage.SeleniumTest" name="selenium_method" time="37.924"/>
</testsuite> <!-- testNGExecutionPackage.SeleniumTest -->
