<?xml version="1.0" encoding="UTF-8"?>
<!-- Generated by org.testng.reporters.JUnitReportReporter -->
<testsuite hostname="LAPTOP-HSKR9U4O" failures="0" tests="3" name="testNGannotationFlag.Flag2Enable" time="0.015" errors="0" timestamp="2023-12-04T11:14:03 IST" skipped="1">
  <testcase classname="testNGannotationFlag.Flag2Enable" name="method2" time="0.002">
    <system-out>
      <![CDATA[Method2 For Users Page ]]>
    </system-out>
  </testcase> <!-- method2 -->
  <testcase classname="testNGannotationFlag.Flag2Enable" name="method1" time="0.013">
    <system-out>
      <![CDATA[Method1 For Login Page]]>
    </system-out>
  </testcase> <!-- method1 -->
  <testcase classname="testNGannotationFlag.Flag2Enable" name="method3">
    <skipped/>
  </testcase> <!-- method3 -->
  <system-out>
    <![CDATA[Method1 For Login Page
Method2 For Users Page ]]>
  </system-out>
</testsuite> <!-- testNGannotationFlag.Flag2Enable -->
